<?xml version="1.0" encoding="UTF-8"?>
<!-- Generated by org.testng.reporters.JUnitXMLReporter -->
<testsuite ignored="4" hostname="DESKTOP-8S455D7" failures="0" tests="3" name="Test" time="7.446" errors="0" timestamp="2021-05-29T12:35:58 IST">
  <testcase classname="com.ty.rmyyantra.projecttest.AddSingleProjectWithCompletedStatus3" name="addSingleProjectWithCreatedStatus" time="6.974"/>
  <testcase classname="com.ty.rmyyantra.projecttest.AddSingleProjectWithCreatedStatus" name="addSingleProjectWithCreatedStatus" time="0.214"/>
  <testcase classname="com.ty.rmyyantra.projecttest.AddSingleProjectWithOnGoingStatus2" name="addSingleProjectWithOnGoingStatus" time="0.118"/>
  <testcase classname="com.ty.rmgyantra.genericlib.BaseClass" name="@AfterSuite configAS" time="0.0">
    <ignored/>
  </testcase> <!-- @AfterSuite configAS -->
  <testcase classname="com.ty.rmgyantra.genericlib.BaseClass" name="@AfterSuite configAS" time="0.0">
    <ignored/>
  </testcase> <!-- @AfterSuite configAS -->
  <testcase classname="com.ty.rmgyantra.genericlib.BaseClass" name="@BeforeSuite configBS" time="0.0">
    <ignored/>
  </testcase> <!-- @BeforeSuite configBS -->
  <testcase classname="com.ty.rmgyantra.genericlib.BaseClass" name="@BeforeSuite configBS" time="0.0">
    <ignored/>
  </testcase> <!-- @BeforeSuite configBS -->
</testsuite> <!-- Test -->
